<?xml version="1.0" encoding="UTF-8"?>
<?totaltestVersion 20.6.3.v20210526-0511_172?>
<!--Topaz for Total Test 20.6.3.v20210526-0511_172 14-Jun-2021 11:03:17-->
<testExecutions version="1">
  <file path="C:\Users\cpwr01\git\ALJOCOB_DEMO_GIT\ALJOCOB_DEMO_GIT\Tests\Scenarios\ALJOCOB_Scenario.testscenario">
    <testCase name="Unit Test: Test Case: ALJOCOBCase1 for program: ALJOCOB" duration="0">
      <failure message="Unit Test: Test Case: ALJOCOBCase1 for program: ALJOCOB">Failure    Stub: ALJOCOB_RPTFILE_FILE_01 Record: 00012 Message: Check for EMP_DTL_WAGES failed. Actual: X'4040F8F5F04BF0F0' Expected: X'4040F8F5F04BF1F0'</failure>
    </testCase>
    <testCase name="Unit Test: Test Case: ALJOCOBCase2 for program: ALJOCOB" duration="0">
      <failure message="Unit Test: Test Case: ALJOCOBCase2 for program: ALJOCOB">Failure    Stub: ALJOCOB_RPTFILE_FILE_01 Record: 00012 Message: Check for EMP_DTL_WAGES failed. Actual: X'4040F8F5F04BF0F0' Expected: X'4040F8F5F04BF1F0'</failure>
    </testCase>
  </file>
</testExecutions>
